<?xml version="1.0" encoding="UTF-8"?>
<!-- Generated by org.testng.reporters.JUnitReportReporter -->
<testsuite hostname="LAPTOP-RRNEAG7M" failures="0" tests="4" name="com.tests.TestRunner" time="0.156" errors="0" timestamp="2021-12-04T11:34:00 IST" skipped="0">
  <testcase classname="com.tests.TestRunner" name="runScenario" time="0.007"/>
  <system-out/>
  <testcase classname="com.tests.TestRunner" name="runScenario" time="0.004"/>
  <system-out/>
  <testcase classname="com.tests.TestRunner" name="runScenario" time="0.005"/>
  <system-out/>
  <testcase classname="com.tests.TestRunner" name="runScenario" time="0.140"/>
  <system-out/>
</testsuite> <!-- com.tests.TestRunner -->
